1:0:d=2021050900:PRMSL:mean sea level:anl:
2:2260827:d=2021050900:PRES:1 hybrid level:anl:
3:4321028:d=2021050900:CLWMR:1 hybrid level:anl:
4:4363700:d=2021050900:ICMR:1 hybrid level:anl:
5:4396106:d=2021050900:RWMR:1 hybrid level:anl:
6:4783988:d=2021050900:SNMR:1 hybrid level:anl:
7:4892695:d=2021050900:GRLE:1 hybrid level:anl:
8:4928035:d=2021050900:TCDC:1 hybrid level:anl:
9:5006466:d=2021050900:REFD:1 hybrid level:anl:
10:5486661:d=2021050900:TCOND:1 hybrid level:anl:
11:5594211:d=2021050900:RIME:1 hybrid level:anl:
12:5594399:d=2021050900:HGT:1 hybrid level:anl:
13:6820722:d=2021050900:TMP:1 hybrid level:anl:
14:8300997:d=2021050900:POT:1 hybrid level:anl:
15:9613762:d=2021050900:RH:1 hybrid level:anl:
16:11487084:d=2021050900:DPT:1 hybrid level:anl:
17:13785845:d=2021050900:SPFH:1 hybrid level:anl:
18:16121615:d=2021050900:UGRD:1 hybrid level:anl:
19:17563285:d=2021050900:VGRD:1 hybrid level:anl:
20:18947367:d=2021050900:VVEL:1 hybrid level:anl:
21:21456398:d=2021050900:DZDT:1 hybrid level:anl:
22:22092592:d=2021050900:TKE:1 hybrid level:anl:
23:22330923:d=2021050900:PRES:2 hybrid level:anl:
24:24389264:d=2021050900:CLWMR:2 hybrid level:anl:
25:24435827:d=2021050900:ICMR:2 hybrid level:anl:
26:24475234:d=2021050900:RWMR:2 hybrid level:anl:
27:24859133:d=2021050900:SNMR:2 hybrid level:anl:
28:24979252:d=2021050900:GRLE:2 hybrid level:anl:
29:25018300:d=2021050900:TCDC:2 hybrid level:anl:
30:25108617:d=2021050900:REFD:2 hybrid level:anl:
31:25596162:d=2021050900:TCOND:2 hybrid level:anl:
32:25706553:d=2021050900:RIME:2 hybrid level:anl:
33:25706741:d=2021050900:HGT:2 hybrid level:anl:
34:26945788:d=2021050900:TMP:2 hybrid level:anl:
35:28398852:d=2021050900:POT:2 hybrid level:anl:
36:29656772:d=2021050900:DPT:2 hybrid level:anl:
37:31905540:d=2021050900:UGRD:2 hybrid level:anl:
38:33308288:d=2021050900:VGRD:2 hybrid level:anl:
39:34643439:d=2021050900:TKE:2 hybrid level:anl:
40:34881770:d=2021050900:REFC:entire atmosphere (considered as a single layer):anl:
41:35681492:d=2021050900:VIL:entire atmosphere (considered as a single layer):anl:
42:35795787:d=2021050900:REFZR:entire atmosphere (considered as a single layer):anl:
43:35795975:d=2021050900:REFZI:entire atmosphere (considered as a single layer):anl:
44:35796163:d=2021050900:VIS:surface:anl:
45:36063851:d=2021050900:VIS:cloud top:anl:
46:37017065:d=2021050900:REFD:263 K level:anl:
47:37301003:d=2021050900:BMIXL:1 hybrid level:anl:
48:37301191:d=2021050900:HGT:planetary boundary layer:anl:
49:40416357:d=2021050900:UGRD:planetary boundary layer:anl:
50:41454614:d=2021050900:VGRD:planetary boundary layer:anl:
51:42474482:d=2021050900:VRATE:planetary boundary layer:anl:
52:43554470:d=2021050900:GUST:surface:anl:
53:44560546:d=2021050900:PBLREG:surface:anl:
54:44798877:d=2021050900:RETOP:entire atmosphere (considered as a single layer):anl:
55:45334970:d=2021050900:HGT:2 mb:anl:
56:48000893:d=2021050900:TMP:2 mb:anl:
57:48879386:d=2021050900:RH:2 mb:anl:
58:49404223:d=2021050900:DPT:2 mb:anl:
59:49404411:d=2021050900:SPFH:2 mb:anl:
60:49774518:d=2021050900:VVEL:2 mb:anl:
61:51780215:d=2021050900:DZDT:2 mb:anl:
62:52376170:d=2021050900:UGRD:2 mb:anl:
63:53208037:d=2021050900:VGRD:2 mb:anl:
64:54487288:d=2021050900:TKE:2 mb:anl:
65:54725619:d=2021050900:CLWMR:2 mb:anl:
66:54725807:d=2021050900:ICMR:2 mb:anl:
67:54725995:d=2021050900:RWMR:2 mb:anl:
68:54726183:d=2021050900:SNMR:2 mb:anl:
69:54726371:d=2021050900:GRLE:2 mb:anl:
70:54726559:d=2021050900:RIME:2 mb:anl:
71:54726747:d=2021050900:HGT:5 mb:anl:
72:57443358:d=2021050900:TMP:5 mb:anl:
73:58321851:d=2021050900:RH:5 mb:anl:
74:58530639:d=2021050900:DPT:5 mb:anl:
75:58530827:d=2021050900:SPFH:5 mb:anl:
76:58900934:d=2021050900:VVEL:5 mb:anl:
77:60906631:d=2021050900:DZDT:5 mb:anl:
78:61502586:d=2021050900:UGRD:5 mb:anl:
79:62334453:d=2021050900:VGRD:5 mb:anl:
80:63613704:d=2021050900:TKE:5 mb:anl:
81:63852035:d=2021050900:CLWMR:5 mb:anl:
82:63852223:d=2021050900:ICMR:5 mb:anl:
83:63852411:d=2021050900:RWMR:5 mb:anl:
84:63852599:d=2021050900:SNMR:5 mb:anl:
85:63852787:d=2021050900:GRLE:5 mb:anl:
86:63852975:d=2021050900:RIME:5 mb:anl:
87:63853163:d=2021050900:HGT:7 mb:anl:
88:66472535:d=2021050900:TMP:7 mb:anl:
89:67351028:d=2021050900:RH:7 mb:anl:
90:67618632:d=2021050900:DPT:7 mb:anl:
91:67618820:d=2021050900:SPFH:7 mb:anl:
92:67988927:d=2021050900:VVEL:7 mb:anl:
93:69994624:d=2021050900:DZDT:7 mb:anl:
94:70590579:d=2021050900:UGRD:7 mb:anl:
95:71422446:d=2021050900:VGRD:7 mb:anl:
96:72701697:d=2021050900:TKE:7 mb:anl:
97:72940028:d=2021050900:CLWMR:7 mb:anl:
98:72940216:d=2021050900:ICMR:7 mb:anl:
99:72940404:d=2021050900:RWMR:7 mb:anl:
100:72940592:d=2021050900:SNMR:7 mb:anl:
101:72940780:d=2021050900:GRLE:7 mb:anl:
102:72940968:d=2021050900:RIME:7 mb:anl:
103:72941156:d=2021050900:HGT:10 mb:anl:
104:75440827:d=2021050900:TMP:10 mb:anl:
105:76319320:d=2021050900:RH:10 mb:anl:
106:76670678:d=2021050900:DPT:10 mb:anl:
107:76670866:d=2021050900:SPFH:10 mb:anl:
108:77040973:d=2021050900:VVEL:10 mb:anl:
109:79046670:d=2021050900:DZDT:10 mb:anl:
110:79642625:d=2021050900:UGRD:10 mb:anl:
111:80474492:d=2021050900:VGRD:10 mb:anl:
112:81753743:d=2021050900:TKE:10 mb:anl:
113:81992074:d=2021050900:CLWMR:10 mb:anl:
114:81992262:d=2021050900:ICMR:10 mb:anl:
115:81992450:d=2021050900:RWMR:10 mb:anl:
116:81992638:d=2021050900:SNMR:10 mb:anl:
117:81992826:d=2021050900:GRLE:10 mb:anl:
118:81993014:d=2021050900:RIME:10 mb:anl:
119:81993202:d=2021050900:HGT:20 mb:anl:
120:84317028:d=2021050900:TMP:20 mb:anl:
121:85002232:d=2021050900:RH:20 mb:anl:
122:85094251:d=2021050900:DPT:20 mb:anl:
123:85094439:d=2021050900:SPFH:20 mb:anl:
124:86768639:d=2021050900:VVEL:20 mb:anl:
125:88946506:d=2021050900:DZDT:20 mb:anl:
126:89472664:d=2021050900:UGRD:20 mb:anl:
127:90116174:d=2021050900:VGRD:20 mb:anl:
128:90728727:d=2021050900:TKE:20 mb:anl:
129:90967058:d=2021050900:CLWMR:20 mb:anl:
130:90967246:d=2021050900:ICMR:20 mb:anl:
131:90967434:d=2021050900:RWMR:20 mb:anl:
132:90967622:d=2021050900:SNMR:20 mb:anl:
133:90967810:d=2021050900:GRLE:20 mb:anl:
134:90967998:d=2021050900:RIME:20 mb:anl:
135:90968186:d=2021050900:HGT:30 mb:anl:
136:93145685:d=2021050900:TMP:30 mb:anl:
137:93828514:d=2021050900:RH:30 mb:anl:
138:94165310:d=2021050900:DPT:30 mb:anl:
139:94165498:d=2021050900:SPFH:30 mb:anl:
140:95231185:d=2021050900:VVEL:30 mb:anl:
141:97033276:d=2021050900:DZDT:30 mb:anl:
142:97555314:d=2021050900:UGRD:30 mb:anl:
143:98276450:d=2021050900:VGRD:30 mb:anl:
144:98957186:d=2021050900:TKE:30 mb:anl:
145:99195517:d=2021050900:CLWMR:30 mb:anl:
146:99195705:d=2021050900:ICMR:30 mb:anl:
147:99195893:d=2021050900:RWMR:30 mb:anl:
148:99196081:d=2021050900:SNMR:30 mb:anl:
149:99196269:d=2021050900:GRLE:30 mb:anl:
150:99196457:d=2021050900:RIME:30 mb:anl:
151:99196645:d=2021050900:HGT:50 mb:anl:
152:101490698:d=2021050900:TMP:50 mb:anl:
153:102027942:d=2021050900:RH:50 mb:anl:
154:102214334:d=2021050900:DPT:50 mb:anl:
155:102214522:d=2021050900:SPFH:50 mb:anl:
156:102783117:d=2021050900:VVEL:50 mb:anl:
157:104892318:d=2021050900:DZDT:50 mb:anl:
158:105445666:d=2021050900:UGRD:50 mb:anl:
159:106258899:d=2021050900:VGRD:50 mb:anl:
160:107059710:d=2021050900:TKE:50 mb:anl:
161:107298041:d=2021050900:CLWMR:50 mb:anl:
162:107298229:d=2021050900:ICMR:50 mb:anl:
163:107298417:d=2021050900:RWMR:50 mb:anl:
164:107298605:d=2021050900:SNMR:50 mb:anl:
165:107298793:d=2021050900:GRLE:50 mb:anl:
166:107298981:d=2021050900:RIME:50 mb:anl:
167:107299169:d=2021050900:HGT:70 mb:anl:
168:109280594:d=2021050900:TMP:70 mb:anl:
169:109844438:d=2021050900:RH:70 mb:anl:
170:109916844:d=2021050900:DPT:70 mb:anl:
171:109917032:d=2021050900:SPFH:70 mb:anl:
172:110602595:d=2021050900:VVEL:70 mb:anl:
173:112903566:d=2021050900:DZDT:70 mb:anl:
174:113470495:d=2021050900:UGRD:70 mb:anl:
175:114325687:d=2021050900:VGRD:70 mb:anl:
176:115167166:d=2021050900:TKE:70 mb:anl:
177:115405497:d=2021050900:CLWMR:70 mb:anl:
178:115405685:d=2021050900:ICMR:70 mb:anl:
179:115405873:d=2021050900:RWMR:70 mb:anl:
180:115406061:d=2021050900:SNMR:70 mb:anl:
181:115406249:d=2021050900:GRLE:70 mb:anl:
182:115406437:d=2021050900:RIME:70 mb:anl:
183:115406625:d=2021050900:HGT:100 mb:anl:
184:117125335:d=2021050900:TMP:100 mb:anl:
185:117693117:d=2021050900:RH:100 mb:anl:
186:117848727:d=2021050900:DPT:100 mb:anl:
187:117848915:d=2021050900:SPFH:100 mb:anl:
188:118661148:d=2021050900:VVEL:100 mb:anl:
189:121205414:d=2021050900:DZDT:100 mb:anl:
190:121839379:d=2021050900:UGRD:100 mb:anl:
191:122869794:d=2021050900:VGRD:100 mb:anl:
192:123855978:d=2021050900:TKE:100 mb:anl:
193:124094309:d=2021050900:CLWMR:100 mb:anl:
194:124094497:d=2021050900:ICMR:100 mb:anl:
195:124094685:d=2021050900:RWMR:100 mb:anl:
196:124094873:d=2021050900:SNMR:100 mb:anl:
197:124095061:d=2021050900:GRLE:100 mb:anl:
198:124095249:d=2021050900:RIME:100 mb:anl:
199:124095437:d=2021050900:HGT:125 mb:anl:
200:125567003:d=2021050900:TMP:125 mb:anl:
201:126135684:d=2021050900:RH:125 mb:anl:
202:126283500:d=2021050900:DPT:125 mb:anl:
203:126283688:d=2021050900:SPFH:125 mb:anl:
204:127257218:d=2021050900:VVEL:125 mb:anl:
205:129664635:d=2021050900:DZDT:125 mb:anl:
206:130335379:d=2021050900:UGRD:125 mb:anl:
207:131378917:d=2021050900:VGRD:125 mb:anl:
208:132335040:d=2021050900:TKE:125 mb:anl:
209:132573371:d=2021050900:CLWMR:125 mb:anl:
210:132573559:d=2021050900:ICMR:125 mb:anl:
211:132573747:d=2021050900:RWMR:125 mb:anl:
212:132573935:d=2021050900:SNMR:125 mb:anl:
213:132575008:d=2021050900:GRLE:125 mb:anl:
214:132575342:d=2021050900:RIME:125 mb:anl:
215:132575530:d=2021050900:HGT:150 mb:anl:
216:134090976:d=2021050900:TMP:150 mb:anl:
217:134661338:d=2021050900:RH:150 mb:anl:
218:134863264:d=2021050900:DPT:150 mb:anl:
219:135083565:d=2021050900:SPFH:150 mb:anl:
220:135885007:d=2021050900:VVEL:150 mb:anl:
221:138405720:d=2021050900:DZDT:150 mb:anl:
222:139117184:d=2021050900:UGRD:150 mb:anl:
223:140176200:d=2021050900:VGRD:150 mb:anl:
224:141142649:d=2021050900:TKE:150 mb:anl:
225:141380980:d=2021050900:CLWMR:150 mb:anl:
226:141381168:d=2021050900:ICMR:150 mb:anl:
227:141381517:d=2021050900:RWMR:150 mb:anl:
228:141381705:d=2021050900:SNMR:150 mb:anl:
229:141384775:d=2021050900:GRLE:150 mb:anl:
230:141385830:d=2021050900:RIME:150 mb:anl:
231:141386018:d=2021050900:HGT:175 mb:anl:
232:142953179:d=2021050900:TMP:175 mb:anl:
233:143533982:d=2021050900:RH:175 mb:anl:
234:143862091:d=2021050900:DPT:175 mb:anl:
235:144850187:d=2021050900:SPFH:175 mb:anl:
236:145931661:d=2021050900:VVEL:175 mb:anl:
237:148537254:d=2021050900:DZDT:175 mb:anl:
238:149271273:d=2021050900:UGRD:175 mb:anl:
239:150315359:d=2021050900:VGRD:175 mb:anl:
240:151268326:d=2021050900:TKE:175 mb:anl:
241:151506657:d=2021050900:CLWMR:175 mb:anl:
242:151506845:d=2021050900:ICMR:175 mb:anl:
243:151518567:d=2021050900:RWMR:175 mb:anl:
244:151518755:d=2021050900:SNMR:175 mb:anl:
245:151527047:d=2021050900:GRLE:175 mb:anl:
246:151528145:d=2021050900:RIME:175 mb:anl:
247:151528333:d=2021050900:HGT:200 mb:anl:
248:153128014:d=2021050900:TMP:200 mb:anl:
249:153709081:d=2021050900:RH:200 mb:anl:
250:154159221:d=2021050900:DPT:200 mb:anl:
251:155550816:d=2021050900:SPFH:200 mb:anl:
252:156863284:d=2021050900:VVEL:200 mb:anl:
253:158970713:d=2021050900:DZDT:200 mb:anl:
254:159729113:d=2021050900:UGRD:200 mb:anl:
255:160827926:d=2021050900:VGRD:200 mb:anl:
256:161857111:d=2021050900:ABSV:200 mb:anl:
257:163325182:d=2021050900:TKE:200 mb:anl:
258:163563513:d=2021050900:CLWMR:200 mb:anl:
259:163563701:d=2021050900:ICMR:200 mb:anl:
260:163665708:d=2021050900:RWMR:200 mb:anl:
261:163665896:d=2021050900:SNMR:200 mb:anl:
262:163686981:d=2021050900:GRLE:200 mb:anl:
263:163688661:d=2021050900:RIME:200 mb:anl:
264:163688849:d=2021050900:HGT:225 mb:anl:
265:165320779:d=2021050900:TMP:225 mb:anl:
266:165897663:d=2021050900:RH:225 mb:anl:
267:166395009:d=2021050900:DPT:225 mb:anl:
268:168152632:d=2021050900:SPFH:225 mb:anl:
269:168950714:d=2021050900:VVEL:225 mb:anl:
270:171123821:d=2021050900:DZDT:225 mb:anl:
271:171903264:d=2021050900:UGRD:225 mb:anl:
272:173002803:d=2021050900:VGRD:225 mb:anl:
273:174037229:d=2021050900:TKE:225 mb:anl:
274:174275560:d=2021050900:CLWMR:225 mb:anl:
275:174275748:d=2021050900:ICMR:225 mb:anl:
276:174501554:d=2021050900:RWMR:225 mb:anl:
277:174501742:d=2021050900:SNMR:225 mb:anl:
278:174540791:d=2021050900:GRLE:225 mb:anl:
279:174543772:d=2021050900:RIME:225 mb:anl:
280:174543960:d=2021050900:HGT:250 mb:anl:
281:176200613:d=2021050900:TMP:250 mb:anl:
282:176771655:d=2021050900:RH:250 mb:anl:
283:177295656:d=2021050900:DPT:250 mb:anl:
284:179305362:d=2021050900:SPFH:250 mb:anl:
285:180245542:d=2021050900:VVEL:250 mb:anl:
286:182501074:d=2021050900:DZDT:250 mb:anl:
287:183301632:d=2021050900:UGRD:250 mb:anl:
288:184420138:d=2021050900:VGRD:250 mb:anl:
289:185041369:d=2021050900:ABSV:250 mb:anl:
290:186560634:d=2021050900:STRM:250 mb:anl:
291:187227504:d=2021050900:TKE:250 mb:anl:
292:187465835:d=2021050900:CLWMR:250 mb:anl:
293:187466023:d=2021050900:ICMR:250 mb:anl:
294:187817163:d=2021050900:RWMR:250 mb:anl:
295:187817351:d=2021050900:SNMR:250 mb:anl:
296:187894449:d=2021050900:GRLE:250 mb:anl:
297:187898795:d=2021050900:RIME:250 mb:anl:
298:187898983:d=2021050900:HGT:275 mb:anl:
299:189579046:d=2021050900:TMP:275 mb:anl:
300:190123992:d=2021050900:RH:275 mb:anl:
301:190666440:d=2021050900:DPT:275 mb:anl:
302:192777713:d=2021050900:SPFH:275 mb:anl:
303:193850098:d=2021050900:VVEL:275 mb:anl:
304:196178665:d=2021050900:DZDT:275 mb:anl:
305:197014875:d=2021050900:UGRD:275 mb:anl:
306:198165256:d=2021050900:VGRD:275 mb:anl:
307:199255223:d=2021050900:TKE:275 mb:anl:
308:199493554:d=2021050900:CLWMR:275 mb:anl:
309:199493854:d=2021050900:ICMR:275 mb:anl:
310:199933970:d=2021050900:RWMR:275 mb:anl:
311:199934158:d=2021050900:SNMR:275 mb:anl:
312:200063910:d=2021050900:GRLE:275 mb:anl:
313:200069482:d=2021050900:RIME:275 mb:anl:
314:200069670:d=2021050900:HGT:300 mb:anl:
315:201767930:d=2021050900:TMP:300 mb:anl:
316:202300661:d=2021050900:RH:300 mb:anl:
317:202850650:d=2021050900:DPT:300 mb:anl:
318:204989322:d=2021050900:SPFH:300 mb:anl:
319:206180999:d=2021050900:VVEL:300 mb:anl:
320:208557753:d=2021050900:DZDT:300 mb:anl:
321:209409920:d=2021050900:UGRD:300 mb:anl:
322:210555754:d=2021050900:VGRD:300 mb:anl:
323:211661765:d=2021050900:ABSV:300 mb:anl:
324:213228493:d=2021050900:TKE:300 mb:anl:
325:213466824:d=2021050900:CLWMR:300 mb:anl:
326:213467701:d=2021050900:ICMR:300 mb:anl:
327:213959302:d=2021050900:RWMR:300 mb:anl:
328:213959805:d=2021050900:SNMR:300 mb:anl:
329:214138297:d=2021050900:GRLE:300 mb:anl:
330:214144940:d=2021050900:RIME:300 mb:anl:
331:214145128:d=2021050900:HGT:325 mb:anl:
332:215859875:d=2021050900:TMP:325 mb:anl:
333:216394013:d=2021050900:RH:325 mb:anl:
334:216950192:d=2021050900:DPT:325 mb:anl:
335:219106654:d=2021050900:SPFH:325 mb:anl:
336:220397936:d=2021050900:VVEL:325 mb:anl:
337:222815113:d=2021050900:DZDT:325 mb:anl:
338:223678720:d=2021050900:UGRD:325 mb:anl:
339:224860295:d=2021050900:VGRD:325 mb:anl:
340:225984541:d=2021050900:TKE:325 mb:anl:
341:226222872:d=2021050900:CLWMR:325 mb:anl:
342:226224082:d=2021050900:ICMR:325 mb:anl:
343:226806941:d=2021050900:RWMR:325 mb:anl:
344:226807856:d=2021050900:SNMR:325 mb:anl:
345:227024314:d=2021050900:GRLE:325 mb:anl:
346:227031963:d=2021050900:RIME:325 mb:anl:
347:227032151:d=2021050900:HGT:350 mb:anl:
348:228762014:d=2021050900:TMP:350 mb:anl:
349:229300174:d=2021050900:RH:350 mb:anl:
350:229863366:d=2021050900:DPT:350 mb:anl:
351:232033338:d=2021050900:SPFH:350 mb:anl:
352:232817994:d=2021050900:VVEL:350 mb:anl:
353:235266970:d=2021050900:DZDT:350 mb:anl:
354:236136775:d=2021050900:UGRD:350 mb:anl:
355:237339725:d=2021050900:VGRD:350 mb:anl:
356:238488448:d=2021050900:TKE:350 mb:anl:
357:238726779:d=2021050900:CLWMR:350 mb:anl:
358:238728316:d=2021050900:ICMR:350 mb:anl:
359:239295910:d=2021050900:RWMR:350 mb:anl:
360:239297225:d=2021050900:SNMR:350 mb:anl:
361:239545949:d=2021050900:GRLE:350 mb:anl:
362:239554694:d=2021050900:RIME:350 mb:anl:
363:239554882:d=2021050900:HGT:375 mb:anl:
364:241297720:d=2021050900:TMP:375 mb:anl:
365:241856795:d=2021050900:RH:375 mb:anl:
366:242429440:d=2021050900:DPT:375 mb:anl:
367:244653604:d=2021050900:SPFH:375 mb:anl:
368:245499216:d=2021050900:VVEL:375 mb:anl:
369:247964764:d=2021050900:DZDT:375 mb:anl:
370:248833093:d=2021050900:UGRD:375 mb:anl:
371:250041473:d=2021050900:VGRD:375 mb:anl:
372:251192365:d=2021050900:TKE:375 mb:anl:
373:251430696:d=2021050900:CLWMR:375 mb:anl:
374:251432807:d=2021050900:ICMR:375 mb:anl:
375:252004766:d=2021050900:RWMR:375 mb:anl:
376:252006682:d=2021050900:SNMR:375 mb:anl:
377:252281490:d=2021050900:GRLE:375 mb:anl:
378:252291378:d=2021050900:RIME:375 mb:anl:
379:252291566:d=2021050900:HGT:400 mb:anl:
380:254047712:d=2021050900:TMP:400 mb:anl:
381:254606777:d=2021050900:RH:400 mb:anl:
382:255178568:d=2021050900:DPT:400 mb:anl:
383:257382335:d=2021050900:SPFH:400 mb:anl:
384:258285524:d=2021050900:VVEL:400 mb:anl:
385:260758042:d=2021050900:DZDT:400 mb:anl:
386:261619675:d=2021050900:UGRD:400 mb:anl:
387:262814403:d=2021050900:VGRD:400 mb:anl:
388:263934390:d=2021050900:ABSV:400 mb:anl:
389:265555711:d=2021050900:TKE:400 mb:anl:
390:265794042:d=2021050900:CLWMR:400 mb:anl:
391:265797274:d=2021050900:ICMR:400 mb:anl:
392:266361982:d=2021050900:RWMR:400 mb:anl:
393:266365531:d=2021050900:SNMR:400 mb:anl:
394:266672910:d=2021050900:GRLE:400 mb:anl:
395:266683813:d=2021050900:RIME:400 mb:anl:
396:266684001:d=2021050900:HGT:425 mb:anl:
397:268451188:d=2021050900:TMP:425 mb:anl:
398:269012035:d=2021050900:RH:425 mb:anl:
399:269584595:d=2021050900:DPT:425 mb:anl:
400:271531442:d=2021050900:SPFH:425 mb:anl:
401:272483618:d=2021050900:VVEL:425 mb:anl:
402:274962530:d=2021050900:DZDT:425 mb:anl:
403:275819154:d=2021050900:UGRD:425 mb:anl:
404:277013743:d=2021050900:VGRD:425 mb:anl:
405:278134391:d=2021050900:TKE:425 mb:anl:
406:278372722:d=2021050900:CLWMR:425 mb:anl:
407:278377589:d=2021050900:ICMR:425 mb:anl:
408:278937066:d=2021050900:RWMR:425 mb:anl:
409:278942747:d=2021050900:SNMR:425 mb:anl:
410:279279188:d=2021050900:GRLE:425 mb:anl:
411:279288450:d=2021050900:RIME:425 mb:anl:
412:279288638:d=2021050900:HGT:450 mb:anl:
413:281068736:d=2021050900:TMP:450 mb:anl:
414:281632120:d=2021050900:RH:450 mb:anl:
415:282196827:d=2021050900:DPT:450 mb:anl:
416:284156170:d=2021050900:SPFH:450 mb:anl:
417:285172173:d=2021050900:VVEL:450 mb:anl:
418:287659215:d=2021050900:DZDT:450 mb:anl:
419:288506561:d=2021050900:UGRD:450 mb:anl:
420:289718309:d=2021050900:VGRD:450 mb:anl:
421:290858139:d=2021050900:TKE:450 mb:anl:
422:291096470:d=2021050900:CLWMR:450 mb:anl:
423:291104127:d=2021050900:ICMR:450 mb:anl:
424:291677149:d=2021050900:RWMR:450 mb:anl:
425:291686320:d=2021050900:SNMR:450 mb:anl:
426:292051340:d=2021050900:GRLE:450 mb:anl:
427:292063913:d=2021050900:RIME:450 mb:anl:
428:292064101:d=2021050900:HGT:475 mb:anl:
429:293855069:d=2021050900:TMP:475 mb:anl:
430:294424717:d=2021050900:RH:475 mb:anl:
431:294992035:d=2021050900:DPT:475 mb:anl:
432:296972217:d=2021050900:SPFH:475 mb:anl:
433:298079753:d=2021050900:VVEL:475 mb:anl:
434:300575385:d=2021050900:DZDT:475 mb:anl:
435:301419124:d=2021050900:UGRD:475 mb:anl:
436:302650549:d=2021050900:VGRD:475 mb:anl:
437:303811878:d=2021050900:TKE:475 mb:anl:
438:304050209:d=2021050900:CLWMR:475 mb:anl:
439:304065518:d=2021050900:ICMR:475 mb:anl:
440:304663271:d=2021050900:RWMR:475 mb:anl:
441:304680956:d=2021050900:SNMR:475 mb:anl:
442:305070434:d=2021050900:GRLE:475 mb:anl:
443:305085158:d=2021050900:RIME:475 mb:anl:
444:305085346:d=2021050900:HGT:500 mb:anl:
445:306886742:d=2021050900:TMP:500 mb:anl:
446:307455731:d=2021050900:RH:500 mb:anl:
447:308040458:d=2021050900:DPT:500 mb:anl:
448:309979318:d=2021050900:SPFH:500 mb:anl:
449:311125830:d=2021050900:VVEL:500 mb:anl:
450:313621480:d=2021050900:DZDT:500 mb:anl:
451:314454720:d=2021050900:UGRD:500 mb:anl:
452:315666004:d=2021050900:VGRD:500 mb:anl:
453:316821099:d=2021050900:ABSV:500 mb:anl:
454:318472337:d=2021050900:STRM:500 mb:anl:
455:319214580:d=2021050900:TKE:500 mb:anl:
456:319452911:d=2021050900:CLWMR:500 mb:anl:
457:319477445:d=2021050900:ICMR:500 mb:anl:
458:320091863:d=2021050900:RWMR:500 mb:anl:
459:320119868:d=2021050900:SNMR:500 mb:anl:
460:320532376:d=2021050900:GRLE:500 mb:anl:
461:320548520:d=2021050900:RIME:500 mb:anl:
462:320548708:d=2021050900:HGT:525 mb:anl:
463:322360042:d=2021050900:TMP:525 mb:anl:
464:322940216:d=2021050900:RH:525 mb:anl:
465:323521267:d=2021050900:DPT:525 mb:anl:
466:325424585:d=2021050900:SPFH:525 mb:anl:
467:326614089:d=2021050900:VVEL:525 mb:anl:
468:329111160:d=2021050900:DZDT:525 mb:anl:
469:329936351:d=2021050900:UGRD:525 mb:anl:
470:331164580:d=2021050900:VGRD:525 mb:anl:
471:332318705:d=2021050900:TKE:525 mb:anl:
472:332557036:d=2021050900:CLWMR:525 mb:anl:
473:332592029:d=2021050900:ICMR:525 mb:anl:
474:333211946:d=2021050900:RWMR:525 mb:anl:
475:333249585:d=2021050900:SNMR:525 mb:anl:
476:333679926:d=2021050900:GRLE:525 mb:anl:
477:333697561:d=2021050900:RIME:525 mb:anl:
478:333697749:d=2021050900:HGT:550 mb:anl:
479:335759190:d=2021050900:TMP:550 mb:anl:
480:336340082:d=2021050900:RH:550 mb:anl:
481:336916368:d=2021050900:DPT:550 mb:anl:
482:338822229:d=2021050900:SPFH:550 mb:anl:
483:340041870:d=2021050900:VVEL:550 mb:anl:
484:342543145:d=2021050900:DZDT:550 mb:anl:
485:343363466:d=2021050900:UGRD:550 mb:anl:
486:344583858:d=2021050900:VGRD:550 mb:anl:
487:345747580:d=2021050900:TKE:550 mb:anl:
488:345985911:d=2021050900:CLWMR:550 mb:anl:
489:346039958:d=2021050900:ICMR:550 mb:anl:
490:346647881:d=2021050900:RWMR:550 mb:anl:
491:346694664:d=2021050900:SNMR:550 mb:anl:
492:347128907:d=2021050900:GRLE:550 mb:anl:
493:347149113:d=2021050900:RIME:550 mb:anl:
494:347149301:d=2021050900:HGT:575 mb:anl:
495:349219091:d=2021050900:TMP:575 mb:anl:
496:349804572:d=2021050900:RH:575 mb:anl:
497:350382026:d=2021050900:DPT:575 mb:anl:
498:352296821:d=2021050900:SPFH:575 mb:anl:
499:353557184:d=2021050900:VVEL:575 mb:anl:
500:356084444:d=2021050900:DZDT:575 mb:anl:
501:356900470:d=2021050900:UGRD:575 mb:anl:
502:358145619:d=2021050900:VGRD:575 mb:anl:
503:359319592:d=2021050900:TKE:575 mb:anl:
504:359557923:d=2021050900:CLWMR:575 mb:anl:
505:359640770:d=2021050900:ICMR:575 mb:anl:
506:360226345:d=2021050900:RWMR:575 mb:anl:
507:360295332:d=2021050900:SNMR:575 mb:anl:
508:360731597:d=2021050900:GRLE:575 mb:anl:
509:360755295:d=2021050900:RIME:575 mb:anl:
510:360755483:d=2021050900:HGT:600 mb:anl:
511:362833205:d=2021050900:TMP:600 mb:anl:
512:363420639:d=2021050900:RH:600 mb:anl:
513:363986056:d=2021050900:DPT:600 mb:anl:
514:365885534:d=2021050900:SPFH:600 mb:anl:
515:367172627:d=2021050900:VVEL:600 mb:anl:
516:369700998:d=2021050900:DZDT:600 mb:anl:
517:370514920:d=2021050900:UGRD:600 mb:anl:
518:371746049:d=2021050900:VGRD:600 mb:anl:
519:372921790:d=2021050900:TKE:600 mb:anl:
520:373160121:d=2021050900:CLWMR:600 mb:anl:
521:373225198:d=2021050900:ICMR:600 mb:anl:
522:373832600:d=2021050900:RWMR:600 mb:anl:
523:373913874:d=2021050900:SNMR:600 mb:anl:
524:374401712:d=2021050900:GRLE:600 mb:anl:
525:374426363:d=2021050900:RIME:600 mb:anl:
526:374426551:d=2021050900:HGT:625 mb:anl:
527:376511620:d=2021050900:TMP:625 mb:anl:
528:377099513:d=2021050900:RH:625 mb:anl:
529:377678439:d=2021050900:DPT:625 mb:anl:
530:379545281:d=2021050900:SPFH:625 mb:anl:
531:380872264:d=2021050900:VVEL:625 mb:anl:
532:383405567:d=2021050900:DZDT:625 mb:anl:
533:384213445:d=2021050900:UGRD:625 mb:anl:
534:385445718:d=2021050900:VGRD:625 mb:anl:
535:386623905:d=2021050900:TKE:625 mb:anl:
536:386862236:d=2021050900:CLWMR:625 mb:anl:
537:386931763:d=2021050900:ICMR:625 mb:anl:
538:387500726:d=2021050900:RWMR:625 mb:anl:
539:387596548:d=2021050900:SNMR:625 mb:anl:
540:388080289:d=2021050900:GRLE:625 mb:anl:
541:388105493:d=2021050900:RIME:625 mb:anl:
542:388105681:d=2021050900:HGT:650 mb:anl:
543:390196074:d=2021050900:TMP:650 mb:anl:
544:390782745:d=2021050900:RH:650 mb:anl:
545:391361703:d=2021050900:DPT:650 mb:anl:
546:393235766:d=2021050900:SPFH:650 mb:anl:
547:394586717:d=2021050900:VVEL:650 mb:anl:
548:397128469:d=2021050900:DZDT:650 mb:anl:
549:397931706:d=2021050900:UGRD:650 mb:anl:
550:399166582:d=2021050900:VGRD:650 mb:anl:
551:400350668:d=2021050900:TKE:650 mb:anl:
552:400588999:d=2021050900:CLWMR:650 mb:anl:
553:400662698:d=2021050900:ICMR:650 mb:anl:
554:401213767:d=2021050900:RWMR:650 mb:anl:
555:401330619:d=2021050900:SNMR:650 mb:anl:
556:401810520:d=2021050900:GRLE:650 mb:anl:
557:401837836:d=2021050900:RIME:650 mb:anl:
558:401838024:d=2021050900:HGT:675 mb:anl:
559:403934481:d=2021050900:TMP:675 mb:anl:
560:404526489:d=2021050900:RH:675 mb:anl:
561:405105642:d=2021050900:DPT:675 mb:anl:
562:406984843:d=2021050900:SPFH:675 mb:anl:
563:408372658:d=2021050900:VVEL:675 mb:anl:
564:410927151:d=2021050900:DZDT:675 mb:anl:
565:411733322:d=2021050900:UGRD:675 mb:anl:
566:412976007:d=2021050900:VGRD:675 mb:anl:
567:414169844:d=2021050900:TKE:675 mb:anl:
568:414408175:d=2021050900:CLWMR:675 mb:anl:
569:414489741:d=2021050900:ICMR:675 mb:anl:
570:415022313:d=2021050900:RWMR:675 mb:anl:
571:415144397:d=2021050900:SNMR:675 mb:anl:
572:415618160:d=2021050900:GRLE:675 mb:anl:
573:415646027:d=2021050900:RIME:675 mb:anl:
574:415646215:d=2021050900:HGT:700 mb:anl:
575:417748882:d=2021050900:TMP:700 mb:anl:
576:418338922:d=2021050900:RH:700 mb:anl:
577:418914509:d=2021050900:DPT:700 mb:anl:
578:420781720:d=2021050900:SPFH:700 mb:anl:
579:422195678:d=2021050900:VVEL:700 mb:anl:
580:424757900:d=2021050900:DZDT:700 mb:anl:
581:425561119:d=2021050900:UGRD:700 mb:anl:
582:426811670:d=2021050900:VGRD:700 mb:anl:
583:427998495:d=2021050900:ABSV:700 mb:anl:
584:429694663:d=2021050900:TKE:700 mb:anl:
585:429932994:d=2021050900:CLWMR:700 mb:anl:
586:430028158:d=2021050900:ICMR:700 mb:anl:
587:430528935:d=2021050900:RWMR:700 mb:anl:
588:430667149:d=2021050900:SNMR:700 mb:anl:
589:431124052:d=2021050900:GRLE:700 mb:anl:
590:431150983:d=2021050900:RIME:700 mb:anl:
591:431151171:d=2021050900:HGT:725 mb:anl:
592:433259585:d=2021050900:TMP:725 mb:anl:
593:433855265:d=2021050900:RH:725 mb:anl:
594:434430812:d=2021050900:DPT:725 mb:anl:
595:436278425:d=2021050900:SPFH:725 mb:anl:
596:437099105:d=2021050900:VVEL:725 mb:anl:
597:439667846:d=2021050900:DZDT:725 mb:anl:
598:440469797:d=2021050900:UGRD:725 mb:anl:
599:441727441:d=2021050900:VGRD:725 mb:anl:
600:442922676:d=2021050900:TKE:725 mb:anl:
601:443161007:d=2021050900:CLWMR:725 mb:anl:
602:443274915:d=2021050900:ICMR:725 mb:anl:
603:443767550:d=2021050900:RWMR:725 mb:anl:
604:443892553:d=2021050900:SNMR:725 mb:anl:
605:444348314:d=2021050900:GRLE:725 mb:anl:
606:444373251:d=2021050900:RIME:725 mb:anl:
607:444373439:d=2021050900:HGT:750 mb:anl:
608:446488651:d=2021050900:TMP:750 mb:anl:
609:447093142:d=2021050900:RH:750 mb:anl:
610:447671386:d=2021050900:DPT:750 mb:anl:
611:449513789:d=2021050900:SPFH:750 mb:anl:
612:450353564:d=2021050900:VVEL:750 mb:anl:
613:452930246:d=2021050900:DZDT:750 mb:anl:
614:453733837:d=2021050900:UGRD:750 mb:anl:
615:455001181:d=2021050900:VGRD:750 mb:anl:
616:456205720:d=2021050900:ABSV:750 mb:anl:
617:457917814:d=2021050900:TKE:750 mb:anl:
618:458156145:d=2021050900:CLWMR:750 mb:anl:
619:458295308:d=2021050900:ICMR:750 mb:anl:
620:458786537:d=2021050900:RWMR:750 mb:anl:
621:458936333:d=2021050900:SNMR:750 mb:anl:
622:459378938:d=2021050900:GRLE:750 mb:anl:
623:459403552:d=2021050900:RIME:750 mb:anl:
624:459403740:d=2021050900:HGT:775 mb:anl:
625:461524825:d=2021050900:TMP:775 mb:anl:
626:462142605:d=2021050900:RH:775 mb:anl:
627:462722702:d=2021050900:DPT:775 mb:anl:
628:464563857:d=2021050900:SPFH:775 mb:anl:
629:465424808:d=2021050900:VVEL:775 mb:anl:
630:468009927:d=2021050900:DZDT:775 mb:anl:
631:468812014:d=2021050900:UGRD:775 mb:anl:
632:470092555:d=2021050900:VGRD:775 mb:anl:
633:471309632:d=2021050900:TKE:775 mb:anl:
634:471547963:d=2021050900:CLWMR:775 mb:anl:
635:471707461:d=2021050900:ICMR:775 mb:anl:
636:472177041:d=2021050900:RWMR:775 mb:anl:
637:472330511:d=2021050900:SNMR:775 mb:anl:
638:472761104:d=2021050900:GRLE:775 mb:anl:
639:472786249:d=2021050900:RIME:775 mb:anl:
640:472786437:d=2021050900:HGT:800 mb:anl:
641:474913086:d=2021050900:TMP:800 mb:anl:
642:475555816:d=2021050900:RH:800 mb:anl:
643:476136385:d=2021050900:DPT:800 mb:anl:
644:477980109:d=2021050900:SPFH:800 mb:anl:
645:478863125:d=2021050900:VVEL:800 mb:anl:
646:481456400:d=2021050900:DZDT:800 mb:anl:
647:482256529:d=2021050900:UGRD:800 mb:anl:
648:483553934:d=2021050900:VGRD:800 mb:anl:
649:484780631:d=2021050900:TKE:800 mb:anl:
650:485018962:d=2021050900:CLWMR:800 mb:anl:
651:485186658:d=2021050900:ICMR:800 mb:anl:
652:485611021:d=2021050900:RWMR:800 mb:anl:
653:485774648:d=2021050900:SNMR:800 mb:anl:
654:486181257:d=2021050900:GRLE:800 mb:anl:
655:486207798:d=2021050900:RIME:800 mb:anl:
656:486207986:d=2021050900:HGT:825 mb:anl:
657:488339334:d=2021050900:TMP:825 mb:anl:
658:488996836:d=2021050900:RH:825 mb:anl:
659:489577828:d=2021050900:DPT:825 mb:anl:
660:491421704:d=2021050900:SPFH:825 mb:anl:
661:492322973:d=2021050900:VVEL:825 mb:anl:
662:494924986:d=2021050900:DZDT:825 mb:anl:
663:495725265:d=2021050900:UGRD:825 mb:anl:
664:497037611:d=2021050900:VGRD:825 mb:anl:
665:498273701:d=2021050900:TKE:825 mb:anl:
666:498512032:d=2021050900:CLWMR:825 mb:anl:
667:498683796:d=2021050900:ICMR:825 mb:anl:
668:499061018:d=2021050900:RWMR:825 mb:anl:
669:499240198:d=2021050900:SNMR:825 mb:anl:
670:499629418:d=2021050900:GRLE:825 mb:anl:
671:499659384:d=2021050900:RIME:825 mb:anl:
672:499659572:d=2021050900:HGT:850 mb:anl:
673:501795263:d=2021050900:TMP:850 mb:anl:
674:502470276:d=2021050900:RH:850 mb:anl:
675:503052962:d=2021050900:DPT:850 mb:anl:
676:504907493:d=2021050900:SPFH:850 mb:anl:
677:505829716:d=2021050900:VVEL:850 mb:anl:
678:508442282:d=2021050900:DZDT:850 mb:anl:
679:509242265:d=2021050900:MDIV:850 mb:anl:
680:509994831:d=2021050900:UGRD:850 mb:anl:
681:511325166:d=2021050900:VGRD:850 mb:anl:
682:512571871:d=2021050900:ABSV:850 mb:anl:
683:514357006:d=2021050900:TKE:850 mb:anl:
684:514595337:d=2021050900:CLWMR:850 mb:anl:
685:514772523:d=2021050900:ICMR:850 mb:anl:
686:515081706:d=2021050900:RWMR:850 mb:anl:
687:515289721:d=2021050900:SNMR:850 mb:anl:
688:515625368:d=2021050900:GRLE:850 mb:anl:
689:515656990:d=2021050900:RIME:850 mb:anl:
690:515657178:d=2021050900:HGT:875 mb:anl:
691:517797790:d=2021050900:TMP:875 mb:anl:
692:518482915:d=2021050900:RH:875 mb:anl:
693:519066903:d=2021050900:DPT:875 mb:anl:
694:520935054:d=2021050900:SPFH:875 mb:anl:
695:521872780:d=2021050900:VVEL:875 mb:anl:
696:524486500:d=2021050900:DZDT:875 mb:anl:
697:525283835:d=2021050900:UGRD:875 mb:anl:
698:526625848:d=2021050900:VGRD:875 mb:anl:
699:527881525:d=2021050900:TKE:875 mb:anl:
700:528119856:d=2021050900:CLWMR:875 mb:anl:
701:528294887:d=2021050900:ICMR:875 mb:anl:
702:528513597:d=2021050900:RWMR:875 mb:anl:
703:528795468:d=2021050900:SNMR:875 mb:anl:
704:529078458:d=2021050900:GRLE:875 mb:anl:
705:529111689:d=2021050900:RIME:875 mb:anl:
706:529111877:d=2021050900:HGT:900 mb:anl:
707:531257505:d=2021050900:TMP:900 mb:anl:
708:531951871:d=2021050900:RH:900 mb:anl:
709:532543446:d=2021050900:DPT:900 mb:anl:
710:534427233:d=2021050900:SPFH:900 mb:anl:
711:535387179:d=2021050900:VVEL:900 mb:anl:
712:538002897:d=2021050900:DZDT:900 mb:anl:
713:538795873:d=2021050900:UGRD:900 mb:anl:
714:540145928:d=2021050900:VGRD:900 mb:anl:
715:541409255:d=2021050900:TKE:900 mb:anl:
716:541647586:d=2021050900:CLWMR:900 mb:anl:
717:541808959:d=2021050900:ICMR:900 mb:anl:
718:541944991:d=2021050900:RWMR:900 mb:anl:
719:542260808:d=2021050900:SNMR:900 mb:anl:
720:542482506:d=2021050900:GRLE:900 mb:anl:
721:542511370:d=2021050900:RIME:900 mb:anl:
722:542511558:d=2021050900:HGT:925 mb:anl:
723:544662307:d=2021050900:TMP:925 mb:anl:
724:545366328:d=2021050900:RH:925 mb:anl:
725:545971334:d=2021050900:DPT:925 mb:anl:
726:548083798:d=2021050900:SPFH:925 mb:anl:
727:549061418:d=2021050900:VVEL:925 mb:anl:
728:551672548:d=2021050900:DZDT:925 mb:anl:
729:552455692:d=2021050900:UGRD:925 mb:anl:
730:553813674:d=2021050900:VGRD:925 mb:anl:
731:555088577:d=2021050900:ABSV:925 mb:anl:
732:556923195:d=2021050900:TKE:925 mb:anl:
733:557161526:d=2021050900:CLWMR:925 mb:anl:
734:557283058:d=2021050900:ICMR:925 mb:anl:
735:557348361:d=2021050900:RWMR:925 mb:anl:
736:557668592:d=2021050900:SNMR:925 mb:anl:
737:557802325:d=2021050900:GRLE:925 mb:anl:
738:557822984:d=2021050900:RIME:925 mb:anl:
739:557823172:d=2021050900:HGT:950 mb:anl:
740:559979057:d=2021050900:TMP:950 mb:anl:
741:560692539:d=2021050900:RH:950 mb:anl:
742:561286744:d=2021050900:DPT:950 mb:anl:
743:563345665:d=2021050900:SPFH:950 mb:anl:
744:564339185:d=2021050900:VVEL:950 mb:anl:
745:566939815:d=2021050900:DZDT:950 mb:anl:
746:567703155:d=2021050900:MDIV:950 mb:anl:
747:568584614:d=2021050900:UGRD:950 mb:anl:
748:569965051:d=2021050900:VGRD:950 mb:anl:
749:571287215:d=2021050900:TKE:950 mb:anl:
750:571525546:d=2021050900:CLWMR:950 mb:anl:
751:571586905:d=2021050900:ICMR:950 mb:anl:
752:571607866:d=2021050900:RWMR:950 mb:anl:
753:571887392:d=2021050900:SNMR:950 mb:anl:
754:571961737:d=2021050900:GRLE:950 mb:anl:
755:571987347:d=2021050900:RIME:950 mb:anl:
756:571987535:d=2021050900:HINDEX:surface:anl:
757:572704330:d=2021050900:HGT:975 mb:anl:
758:574865877:d=2021050900:TMP:975 mb:anl:
759:575599898:d=2021050900:RH:975 mb:anl:
760:576203784:d=2021050900:DPT:975 mb:anl:
761:578292227:d=2021050900:SPFH:975 mb:anl:
762:579334317:d=2021050900:VVEL:975 mb:anl:
763:581907539:d=2021050900:DZDT:975 mb:anl:
764:582630849:d=2021050900:UGRD:975 mb:anl:
765:584054270:d=2021050900:VGRD:975 mb:anl:
766:585416092:d=2021050900:TKE:975 mb:anl:
767:585654423:d=2021050900:CLWMR:975 mb:anl:
768:585688103:d=2021050900:ICMR:975 mb:anl:
769:585691224:d=2021050900:RWMR:975 mb:anl:
770:585899132:d=2021050900:SNMR:975 mb:anl:
771:585934673:d=2021050900:GRLE:975 mb:anl:
772:585946774:d=2021050900:RIME:975 mb:anl:
773:585946962:d=2021050900:TMP:1000 mb:anl:
774:586686652:d=2021050900:RH:1000 mb:anl:
775:587310753:d=2021050900:DPT:1000 mb:anl:
776:589449934:d=2021050900:SPFH:1000 mb:anl:
777:590524224:d=2021050900:VVEL:1000 mb:anl:
778:593064187:d=2021050900:DZDT:1000 mb:anl:
779:593735679:d=2021050900:UGRD:1000 mb:anl:
780:595175440:d=2021050900:VGRD:1000 mb:anl:
781:596564813:d=2021050900:ABSV:1000 mb:anl:
782:598530852:d=2021050900:TKE:1000 mb:anl:
783:598769183:d=2021050900:CLWMR:1000 mb:anl:
784:598785017:d=2021050900:ICMR:1000 mb:anl:
785:598849950:d=2021050900:RWMR:1000 mb:anl:
786:598973665:d=2021050900:SNMR:1000 mb:anl:
787:598985382:d=2021050900:GRLE:1000 mb:anl:
788:598986753:d=2021050900:RIME:1000 mb:anl:
789:598986941:d=2021050900:MAXUVV:100-1000 mb:0-0 day max fcst:
790:599495810:d=2021050900:MAXDVV:100-1000 mb:0-0 day max fcst:
791:599930992:d=2021050900:MSLET:mean sea level:anl:
792:602159295:d=2021050900:HGT:1000 mb:anl:
793:604314471:d=2021050900:TMP:0.7 sigma level:anl:
794:605203293:d=2021050900:TMP:0.75 sigma level:anl:
795:606097056:d=2021050900:TMP:0.8 sigma level:anl:
796:606997554:d=2021050900:TMP:0.85 sigma level:anl:
797:607919556:d=2021050900:TMP:0.9 sigma level:anl:
798:608861233:d=2021050900:REFD:4000 m above ground:anl:
799:609192686:d=2021050900:REFZR:4000 m above ground:anl:
800:609192874:d=2021050900:REFZI:4000 m above ground:anl:
801:609193062:d=2021050900:REFD:1000 m above ground:anl:
802:609730588:d=2021050900:REFZR:1000 m above ground:anl:
803:609730776:d=2021050900:REFZI:1000 m above ground:anl:
804:609730964:d=2021050900:MAXREF:1000 m above ground:0-0 day max fcst:
805:610115596:d=2021050900:MAXREF:263 K level:0-0 day max fcst:
806:610422566:d=2021050900:MXUPHL:5000-2000 m above ground:0-0 day max fcst:
807:610466567:d=2021050900:MNUPHL:5000-2000 m above ground:0-0 day min fcst:
808:610638637:d=2021050900:MXUPHL:3000-0 m above ground:0-0 day max fcst:
809:610691112:d=2021050900:MNUPHL:3000-0 m above ground:0-0 day min fcst:
810:610752185:d=2021050900:RELV:2000-0 m above ground:0-0 day max fcst:
811:613280882:d=2021050900:RELV:1000-0 m above ground:0-0 day max fcst:
812:615707401:d=2021050900:RELV:1 hybrid level:0-0 day max fcst:
813:617886757:d=2021050900:PRES:surface:anl:
814:619947864:d=2021050900:HGT:surface:anl:
815:621777270:d=2021050900:TMP:surface:anl:
816:623683573:d=2021050900:POT:surface:anl:
817:626187670:d=2021050900:SPFH:surface:anl:
818:627266584:d=2021050900:TSOIL:0-0.1 m below ground:anl:
819:628861894:d=2021050900:SOILW:0-0.1 m below ground:anl:
820:630159108:d=2021050900:SOILL:0-0.1 m below ground:anl:
821:631470128:d=2021050900:TSOIL:0.1-0.4 m below ground:anl:
822:633013068:d=2021050900:SOILW:0.1-0.4 m below ground:anl:
823:634351194:d=2021050900:SOILL:0.1-0.4 m below ground:anl:
824:635708219:d=2021050900:TSOIL:0.4-1 m below ground:anl:
825:637248372:d=2021050900:SOILW:0.4-1 m below ground:anl:
826:638601574:d=2021050900:SOILL:0.4-1 m below ground:anl:
827:639980157:d=2021050900:TSOIL:1-2 m below ground:anl:
828:641507611:d=2021050900:SOILW:1-2 m below ground:anl:
829:642813207:d=2021050900:SOILL:1-2 m below ground:anl:
830:644150833:d=2021050900:TSOIL:3 m underground:anl:
831:644151021:d=2021050900:MSTAV:0-1 m below ground:anl:
832:644151209:d=2021050900:SOIL_M:0-2 m below ground:anl:
833:644989716:d=2021050900:CNWAT:surface:anl:
834:645307198:d=2021050900:WEASD:surface:anl:
835:645628069:d=2021050900:SNOWC:surface:anl:
836:645929355:d=2021050900:SNOD:surface:anl:
837:646325219:d=2021050900:SMDRY:surface:anl:
838:647090578:d=2021050900:POROS:surface:anl:
839:647846335:d=2021050900:TMP:2 m above ground:anl:
840:649385958:d=2021050900:SPFH:2 m above ground:anl:
841:650729801:d=2021050900:DPT:2 m above ground:anl:
842:652336989:d=2021050900:RH:2 m above ground:anl:
843:653642042:d=2021050900:TMAX:2 m above ground:0-0 day max fcst:
844:655181663:d=2021050900:TMIN:2 m above ground:0-0 day min fcst:
845:656721284:d=2021050900:MAXRH:2 m above ground:0-0 day max fcst:
846:657777455:d=2021050900:MINRH:2 m above ground:0-0 day min fcst:
847:658833626:d=2021050900:UGRD:10 m above ground:anl:
848:660277603:d=2021050900:VGRD:10 m above ground:anl:
849:661671059:d=2021050900:MAXUW:10 m above ground::
850:662626454:d=2021050900:MAXVW:10 m above ground::
851:663539098:d=2021050900:POT:10 m above ground:anl:
852:663777429:d=2021050900:SPFH:10 m above ground:anl:
853:664015760:d=2021050900:WIND:10 m above ground:0-0 day max fcst:
854:665043283:d=2021050900:CPOFP:surface:anl:
855:665192527:d=2021050900:PRATE:surface:anl:
856:665573553:d=2021050900:APCP:surface:0-0 day acc fcst:
857:665697587:d=2021050900:APCP:surface:0-0 day acc fcst:
858:665697799:d=2021050900:NCPCP:surface:0-0 day acc fcst:
859:665698011:d=2021050900:NCPCP:surface:0-0 day acc fcst:
860:665698223:d=2021050900:LSPA:surface:0-0 day acc fcst:
861:665936578:d=2021050900:SNOM:surface:0-0 day acc fcst:
862:666174933:d=2021050900:SSRUN:surface:0-0 day acc fcst:
863:666635178:d=2021050900:BGRUN:surface:0-0 day acc fcst:
864:666873533:d=2021050900:WATR:surface:0-0 day acc fcst:
865:667896324:d=2021050900:HGT:lowest level of the wet bulb zero:anl:
866:670344474:d=2021050900:CSNOW:surface:anl:
867:670359645:d=2021050900:CICEP:surface:anl:
868:670359833:d=2021050900:CFRZR:surface:anl:
869:670360021:d=2021050900:CRAIN:surface:anl:
870:670397865:d=2021050900:LHTFL:surface:0-0 day ave fcst:
871:672394951:d=2021050900:SHTFL:surface:0-0 day ave fcst:
872:673704029:d=2021050900:GFLUX:surface:0-0 day ave fcst:
873:675293290:d=2021050900:SNOHF:surface:0-0 day ave fcst:
874:675616120:d=2021050900:EVP:surface:0-0 day acc fcst:
875:675854475:d=2021050900:PEVAP:surface:0-0 day acc fcst:
876:677246493:d=2021050900:SFCR:surface:anl:
877:678016987:d=2021050900:FRICV:surface:anl:
878:679737655:d=2021050900:CD:surface:anl:
879:680452862:d=2021050900:UFLX:surface:anl:
880:680453050:d=2021050900:VFLX:surface:anl:
881:680453238:d=2021050900:SHTFL:surface:anl:
882:681762292:d=2021050900:LHTFL:surface:anl:
883:683759354:d=2021050900:SFEXC:surface:anl:
884:684680736:d=2021050900:VEG:surface:anl:
885:685527912:d=2021050900:GFLUX:surface:anl:
886:686594122:d=2021050900:VGTYP:surface:anl:
887:687425954:d=2021050900:SOTYP:surface:anl:
888:688171861:d=2021050900:CCOND:surface:anl:
889:688990580:d=2021050900:RSMIN:surface:anl:
890:689761524:d=2021050900:RLYRS:surface:anl:
891:690293607:d=2021050900:WILT:surface:anl:
892:691058966:d=2021050900:SMREF:surface:anl:
893:691881073:d=2021050900:RCS:surface:anl:
894:692941002:d=2021050900:RCT:surface:anl:
895:694486931:d=2021050900:RCQ:surface:anl:
896:695120896:d=2021050900:RCSOL:surface:anl:
897:696006735:d=2021050900:PRES:top of atmosphere:anl:
898:696006923:d=2021050900:LFTX:500-1000 mb:anl:
899:696729516:d=2021050900:CAPE:surface:anl:
900:697407633:d=2021050900:CIN:surface:anl:
901:698218629:d=2021050900:PWAT:entire atmosphere (considered as a single layer):anl:
902:699012029:d=2021050900:TCOLW:entire atmosphere (considered as a single layer):anl:
903:699586057:d=2021050900:TCOLI:entire atmosphere (considered as a single layer):anl:
904:700370580:d=2021050900:TCOLR:entire atmosphere (considered as a single layer):anl:
905:700707172:d=2021050900:TCOLS:entire atmosphere (considered as a single layer):anl:
906:701234934:d=2021050900:TCOLG:entire atmosphere (considered as a single layer):anl:
907:701389066:d=2021050900:TCOLC:entire atmosphere (considered as a single layer):anl:
908:702034803:d=2021050900:TCLSW:entire atmosphere (considered as a single layer):anl:
909:702502146:d=2021050900:TCOLM:entire atmosphere (considered as a single layer):anl:
910:702947381:d=2021050900:SWHR:entire atmosphere (considered as a single layer):anl:
911:703185712:d=2021050900:LWHR:entire atmosphere (considered as a single layer):anl:
912:703424043:d=2021050900:LRGHR:entire atmosphere (considered as a single layer):0-0 day ave fcst:
913:703662398:d=2021050900:MDIV:entire atmosphere (considered as a single layer):anl:
914:705994342:d=2021050900:HGT:lowest bottom level of supercooled liquid water layer:anl:
915:706552069:d=2021050900:HGT:highest top level of supercooled liquid water layer:anl:
916:707050851:d=2021050900:LCDC:low cloud layer:anl:
917:707402454:d=2021050900:MCDC:middle cloud layer:anl:
918:707718736:d=2021050900:HCDC:high cloud layer:anl:
919:707974974:d=2021050900:TCDC:entire atmosphere (considered as a single layer):anl:
920:708385972:d=2021050900:TCDC:entire atmosphere (considered as a single layer):0-0 day ave fcst:
921:708796994:d=2021050900:CDLYR:entire atmosphere (considered as a single layer):0-0 day ave fcst:
922:709035349:d=2021050900:PRES:cloud base:anl:
923:710253391:d=2021050900:HGT:cloud base:anl:
924:711482448:d=2021050900:HGT:cloud ceiling:anl:
925:712665479:d=2021050900:PRES:grid scale cloud bottom level:anl:
926:713883521:d=2021050900:PRES:cloud top:anl:
927:714996023:d=2021050900:HGT:cloud top:anl:
928:716182492:d=2021050900:TMP:cloud top:anl:
929:717236945:d=2021050900:BRTMP:top of atmosphere:anl:
930:717874413:d=2021050900:PRES:grid scale cloud top level:anl:
931:718986915:d=2021050900:DSWRF:surface:0-0 day ave fcst:
932:719726657:d=2021050900:DLWRF:surface:0-0 day ave fcst:
933:720592698:d=2021050900:USWRF:surface:0-0 day ave fcst:
934:721263371:d=2021050900:ULWRF:surface:0-0 day ave fcst:
935:722143102:d=2021050900:USWRF:top of atmosphere:0-0 day ave fcst:
936:722937521:d=2021050900:ULWRF:top of atmosphere:0-0 day ave fcst:
937:723710667:d=2021050900:ULWRF:top of atmosphere:anl:
938:723948998:d=2021050900:DSWRF:surface:anl:
939:725203321:d=2021050900:DLWRF:surface:anl:
940:726687610:d=2021050900:USWRF:surface:anl:
941:727893632:d=2021050900:ULWRF:surface:anl:
942:729447528:d=2021050900:CSDSF:surface:anl:
943:729685859:d=2021050900:HLCY:3000-0 m above ground:anl:
944:730616473:d=2021050900:HLCY:1000-0 m above ground:anl:
945:732070924:d=2021050900:USTM:6000-0 m above ground:anl:
946:733414293:d=2021050900:VSTM:6000-0 m above ground:anl:
947:734700183:d=2021050900:UPHL:5000-2000 m above ground:anl:
948:734889410:d=2021050900:VUCSH:0-1000 m above ground:anl:
949:735751456:d=2021050900:VVCSH:0-1000 m above ground:anl:
950:736561002:d=2021050900:VUCSH:0-6000 m above ground:anl:
951:737452927:d=2021050900:VVCSH:0-6000 m above ground:anl:
952:738320457:d=2021050900:PRES:tropopause:anl:
953:740052459:d=2021050900:HGT:tropopause:anl:
954:741910346:d=2021050900:TMP:tropopause:anl:
955:742570715:d=2021050900:POT:tropopause:anl:
956:743949278:d=2021050900:UGRD:tropopause:anl:
957:745242946:d=2021050900:VGRD:tropopause:anl:
958:745961435:d=2021050900:VWSH:tropopause:anl:
959:746875508:d=2021050900:PRES:max wind:anl:
960:748826347:d=2021050900:HGT:max wind:anl:
961:750843842:d=2021050900:UGRD:max wind:anl:
962:751639484:d=2021050900:VGRD:max wind:anl:
963:752429466:d=2021050900:TMP:30 m above ground:anl:
964:753274220:d=2021050900:SPFH:30 m above ground:anl:
965:755153356:d=2021050900:PRES:30 m above ground:anl:
966:755928138:d=2021050900:UGRD:30 m above ground:anl:
967:757358043:d=2021050900:VGRD:30 m above ground:anl:
968:758728907:d=2021050900:TMP:50 m above ground:anl:
969:759569712:d=2021050900:SPFH:50 m above ground:anl:
970:761412022:d=2021050900:PRES:50 m above ground:anl:
971:762185182:d=2021050900:UGRD:50 m above ground:anl:
972:763595925:d=2021050900:VGRD:50 m above ground:anl:
973:764943070:d=2021050900:TMP:80 m above ground:anl:
974:765784532:d=2021050900:SPFH:80 m above ground:anl:
975:767590542:d=2021050900:PRES:80 m above ground:anl:
976:768364452:d=2021050900:UGRD:80 m above ground:anl:
977:769753609:d=2021050900:VGRD:80 m above ground:anl:
978:771071834:d=2021050900:TMP:100 m above ground:anl:
979:771757706:d=2021050900:SPFH:100 m above ground:anl:
980:773558754:d=2021050900:PRES:100 m above ground:anl:
981:774331211:d=2021050900:UGRD:100 m above ground:anl:
982:775707589:d=2021050900:VGRD:100 m above ground:anl:
983:777007693:d=2021050900:TMP:305 m above mean sea level:anl:
984:777616958:d=2021050900:SPFH:305 m above mean sea level:anl:
985:778775571:d=2021050900:UGRD:305 m above mean sea level:anl:
986:779671763:d=2021050900:VGRD:305 m above mean sea level:anl:
987:780568382:d=2021050900:TMP:457 m above mean sea level:anl:
988:781235688:d=2021050900:UGRD:457 m above mean sea level:anl:
989:782270909:d=2021050900:VGRD:457 m above mean sea level:anl:
990:783306675:d=2021050900:TMP:610 m above mean sea level:anl:
991:784003308:d=2021050900:UGRD:610 m above mean sea level:anl:
992:785104401:d=2021050900:VGRD:610 m above mean sea level:anl:
993:786200811:d=2021050900:TMP:914 m above mean sea level:anl:
994:786943724:d=2021050900:UGRD:914 m above mean sea level:anl:
995:788142134:d=2021050900:VGRD:914 m above mean sea level:anl:
996:789308160:d=2021050900:TMP:1524 m above mean sea level:anl:
997:790108870:d=2021050900:UGRD:1524 m above mean sea level:anl:
998:791469432:d=2021050900:VGRD:1524 m above mean sea level:anl:
999:792779986:d=2021050900:TMP:1829 m above mean sea level:anl:
1000:793607407:d=2021050900:UGRD:1829 m above mean sea level:anl:
1001:795027957:d=2021050900:VGRD:1829 m above mean sea level:anl:
1002:796396799:d=2021050900:TMP:2134 m above mean sea level:anl:
1003:797243495:d=2021050900:UGRD:2134 m above mean sea level:anl:
1004:798706272:d=2021050900:VGRD:2134 m above mean sea level:anl:
1005:800116750:d=2021050900:TMP:2743 m above mean sea level:anl:
1006:800971037:d=2021050900:UGRD:2743 m above mean sea level:anl:
1007:802459731:d=2021050900:VGRD:2743 m above mean sea level:anl:
1008:803889750:d=2021050900:TMP:3658 m above mean sea level:anl:
1009:804728875:d=2021050900:UGRD:3658 m above mean sea level:anl:
1010:806206356:d=2021050900:VGRD:3658 m above mean sea level:anl:
1011:807618751:d=2021050900:TMP:4572 m above mean sea level:anl:
1012:808216916:d=2021050900:UGRD:4572 m above mean sea level:anl:
1013:809460973:d=2021050900:VGRD:4572 m above mean sea level:anl:
1014:810636486:d=2021050900:HGT:0C isotherm:anl:
1015:812609711:d=2021050900:RH:0C isotherm:anl:
1016:813157824:d=2021050900:HGT:highest tropospheric freezing level:anl:
1017:815115216:d=2021050900:PRES:30-0 mb above ground:anl:
1018:817176323:d=2021050900:TMP:30-0 mb above ground:anl:
1019:818019537:d=2021050900:POT:30-0 mb above ground:anl:
1020:819213772:d=2021050900:RH:30-0 mb above ground:anl:
1021:819807879:d=2021050900:DPT:30-0 mb above ground:anl:
1022:820618247:d=2021050900:SPFH:30-0 mb above ground:anl:
1023:822362655:d=2021050900:MDIV:30-0 mb above ground:anl:
1024:823168498:d=2021050900:UGRD:30-0 mb above ground:anl:
1025:824534900:d=2021050900:VGRD:30-0 mb above ground:anl:
1026:825830947:d=2021050900:VVEL:30-0 mb above ground:anl:
1027:828384785:d=2021050900:PWAT:30-0 mb above ground:anl:
1028:829288188:d=2021050900:PLI:30-0 mb above ground:anl:
1029:829973890:d=2021050900:PRES:60-30 mb above ground:anl:
1030:832034997:d=2021050900:TMP:60-30 mb above ground:anl:
1031:832925082:d=2021050900:RH:60-30 mb above ground:anl:
1032:833536551:d=2021050900:SPFH:60-30 mb above ground:anl:
1033:835144458:d=2021050900:UGRD:60-30 mb above ground:anl:
1034:836469118:d=2021050900:VGRD:60-30 mb above ground:anl:
1035:837719073:d=2021050900:PRES:90-60 mb above ground:anl:
1036:839780180:d=2021050900:TMP:90-60 mb above ground:anl:
1037:840252522:d=2021050900:RH:90-60 mb above ground:anl:
1038:840883136:d=2021050900:SPFH:90-60 mb above ground:anl:
1039:842497207:d=2021050900:UGRD:90-60 mb above ground:anl:
1040:843822175:d=2021050900:VGRD:90-60 mb above ground:anl:
1041:845097446:d=2021050900:VVEL:90-60 mb above ground:anl:
1042:847686014:d=2021050900:PRES:120-90 mb above ground:anl:
1043:849747121:d=2021050900:TMP:120-90 mb above ground:anl:
1044:850627684:d=2021050900:RH:120-90 mb above ground:anl:
1045:851296052:d=2021050900:SPFH:120-90 mb above ground:anl:
1046:852966921:d=2021050900:UGRD:120-90 mb above ground:anl:
1047:854305161:d=2021050900:VGRD:120-90 mb above ground:anl:
1048:855569986:d=2021050900:PRES:150-120 mb above ground:anl:
1049:857631093:d=2021050900:TMP:150-120 mb above ground:anl:
1050:858510209:d=2021050900:RH:150-120 mb above ground:anl:
1051:859197912:d=2021050900:SPFH:150-120 mb above ground:anl:
1052:860898196:d=2021050900:UGRD:150-120 mb above ground:anl:
1053:862244170:d=2021050900:VGRD:150-120 mb above ground:anl:
1054:863517614:d=2021050900:PRES:180-150 mb above ground:anl:
1055:865578721:d=2021050900:TMP:180-150 mb above ground:anl:
1056:866459212:d=2021050900:RH:180-150 mb above ground:anl:
1057:867164090:d=2021050900:SPFH:180-150 mb above ground:anl:
1058:868926320:d=2021050900:UGRD:180-150 mb above ground:anl:
1059:870290098:d=2021050900:VGRD:180-150 mb above ground:anl:
1060:871589560:d=2021050900:VVEL:180-150 mb above ground:anl:
1061:874174380:d=2021050900:4LFTX:180-0 mb above ground:anl:
1062:874615721:d=2021050900:CAPE:180-0 mb above ground:anl:
1063:875252547:d=2021050900:CIN:180-0 mb above ground:anl:
1064:876031444:d=2021050900:HPBL:surface:anl:
1065:878456297:d=2021050900:HGT:level of adiabatic condensation from sfc:anl:
1066:880987395:d=2021050900:PRES:level of adiabatic condensation from sfc:anl:
1067:883339973:d=2021050900:CAPE:90-0 mb above ground:anl:
1068:883847865:d=2021050900:CIN:90-0 mb above ground:anl:
1069:884524260:d=2021050900:CAPE:255-0 mb above ground:anl:
1070:885139283:d=2021050900:CIN:255-0 mb above ground:anl:
1071:885873979:d=2021050900:PLPL:255-0 mb above ground:anl:
1072:887936913:d=2021050900:LTNG:surface:anl:
1073:887937101:d=2021050900:NLAT:surface:anl:
1074:888409696:d=2021050900:ELON:surface:anl:
1075:888934548:d=2021050900:LAND:surface:anl:
1076:888989710:d=2021050900:ICEC:surface:anl:
1077:889000037:d=2021050900:ALBDO:surface:anl:
1078:889000225:d=2021050900:SNFALB:surface:anl:
1079:889000413:d=2021050900:MXSALB:surface:anl:
1080:889851761:d=2021050900:WTMP:surface:anl:
